

================================================================
== Vivado HLS Report for 'Filter2D'
================================================================
* Date:           Fri Jul 27 00:45:02 2018

* Version:        2018.1 (Build 2188600 on Wed Apr 04 19:04:02 MDT 2018)
* Project:        sobel_edge
* Solution:       solution1
* Product family: zynq
* Target device:  xc7z010clg400-1


================================================================
== Performance Estimates
================================================================
+ Timing (ns): 
    * Summary: 
    +--------+-------+----------+------------+
    |  Clock | Target| Estimated| Uncertainty|
    +--------+-------+----------+------------+
    |ap_clk  |  13.50|     11.35|        1.69|
    +--------+-------+----------+------------+

+ Latency (clock cycles): 
    * Summary: 
    +--------+--------+--------+--------+---------+
    |     Latency     |     Interval    | Pipeline|
    |   min  |   max  |   min  |   max  |   Type  |
    +--------+--------+--------+--------+---------+
    |  928496|  928496|  928496|  928496|   none  |
    +--------+--------+--------+--------+---------+

    + Detail: 
        * Instance: 
        N/A

        * Loop: 
        +---------------+--------+--------+----------+-----------+-----------+------+----------+
        |               |     Latency     | Iteration|  Initiation Interval  | Trip |          |
        |   Loop Name   |   min  |   max  |  Latency |  achieved |   target  | Count| Pipelined|
        +---------------+--------+--------+----------+-----------+-----------+------+----------+
        |- Loop 1       |       2|       2|         1|          -|          -|     3|    no    |
        |- loop_height  |  928492|  928492|      1286|          -|          -|   722|    no    |
        | + loop_width  |    1283|    1283|         3|          1|          1|  1282|    yes   |
        +---------------+--------+--------+----------+-----------+-----------+------+----------+



================================================================
== Utilization Estimates
================================================================
* Summary: 
+-----------------+---------+-------+-------+-------+
|       Name      | BRAM_18K| DSP48E|   FF  |  LUT  |
+-----------------+---------+-------+-------+-------+
|DSP              |        -|      -|      -|      -|
|Expression       |        -|      -|      0|   1056|
|FIFO             |        -|      -|      -|      -|
|Instance         |        -|      -|      0|    270|
|Memory           |        9|      -|      0|      0|
|Multiplexer      |        -|      -|      -|    228|
|Register         |        -|      -|    582|      -|
+-----------------+---------+-------+-------+-------+
|Total            |        9|      0|    582|   1554|
+-----------------+---------+-------+-------+-------+
|Available        |      120|     80|  35200|  17600|
+-----------------+---------+-------+-------+-------+
|Utilization (%)  |        7|      0|      1|      8|
+-----------------+---------+-------+-------+-------+

+ Detail: 
    * Instance: 
    +--------------------------+----------------------+---------+-------+---+----+
    |         Instance         |        Module        | BRAM_18K| DSP48E| FF| LUT|
    +--------------------------+----------------------+---------+-------+---+----+
    |edge_detect_mux_3ncg_U31  |edge_detect_mux_3ncg  |        0|      0|  0|  15|
    |edge_detect_mux_3ncg_U32  |edge_detect_mux_3ncg  |        0|      0|  0|  15|
    |edge_detect_mux_3ncg_U33  |edge_detect_mux_3ncg  |        0|      0|  0|  15|
    |edge_detect_mux_3ncg_U34  |edge_detect_mux_3ncg  |        0|      0|  0|  15|
    |edge_detect_mux_3ncg_U35  |edge_detect_mux_3ncg  |        0|      0|  0|  15|
    |edge_detect_mux_3ncg_U36  |edge_detect_mux_3ncg  |        0|      0|  0|  15|
    |edge_detect_mux_3ncg_U37  |edge_detect_mux_3ncg  |        0|      0|  0|  15|
    |edge_detect_mux_3ncg_U38  |edge_detect_mux_3ncg  |        0|      0|  0|  15|
    |edge_detect_mux_3ncg_U39  |edge_detect_mux_3ncg  |        0|      0|  0|  15|
    |edge_detect_mux_3ncg_U40  |edge_detect_mux_3ncg  |        0|      0|  0|  15|
    |edge_detect_mux_3ncg_U41  |edge_detect_mux_3ncg  |        0|      0|  0|  15|
    |edge_detect_mux_3ncg_U42  |edge_detect_mux_3ncg  |        0|      0|  0|  15|
    |edge_detect_mux_3ncg_U43  |edge_detect_mux_3ncg  |        0|      0|  0|  15|
    |edge_detect_mux_3ncg_U44  |edge_detect_mux_3ncg  |        0|      0|  0|  15|
    |edge_detect_mux_3ncg_U45  |edge_detect_mux_3ncg  |        0|      0|  0|  15|
    |edge_detect_mux_3ncg_U46  |edge_detect_mux_3ncg  |        0|      0|  0|  15|
    |edge_detect_mux_3ncg_U47  |edge_detect_mux_3ncg  |        0|      0|  0|  15|
    |edge_detect_mux_3ncg_U48  |edge_detect_mux_3ncg  |        0|      0|  0|  15|
    +--------------------------+----------------------+---------+-------+---+----+
    |Total                     |                      |        0|      0|  0| 270|
    +--------------------------+----------------------+---------+-------+---+----+

    * DSP48: 
    N/A

    * Memory: 
    +-----------------+----------------------+---------+---+----+------+-----+------+-------------+
    |      Memory     |        Module        | BRAM_18K| FF| LUT| Words| Bits| Banks| W*Bits*Banks|
    +-----------------+----------------------+---------+---+----+------+-----+------+-------------+
    |k_buf_0_val_3_U  |Filter2D_k_buf_0_eOg  |        1|  0|   0|  1280|    8|     1|        10240|
    |k_buf_0_val_4_U  |Filter2D_k_buf_0_eOg  |        1|  0|   0|  1280|    8|     1|        10240|
    |k_buf_0_val_5_U  |Filter2D_k_buf_0_eOg  |        1|  0|   0|  1280|    8|     1|        10240|
    |k_buf_1_val_3_U  |Filter2D_k_buf_0_eOg  |        1|  0|   0|  1280|    8|     1|        10240|
    |k_buf_1_val_4_U  |Filter2D_k_buf_0_eOg  |        1|  0|   0|  1280|    8|     1|        10240|
    |k_buf_1_val_5_U  |Filter2D_k_buf_0_eOg  |        1|  0|   0|  1280|    8|     1|        10240|
    |k_buf_2_val_3_U  |Filter2D_k_buf_0_eOg  |        1|  0|   0|  1280|    8|     1|        10240|
    |k_buf_2_val_4_U  |Filter2D_k_buf_0_eOg  |        1|  0|   0|  1280|    8|     1|        10240|
    |k_buf_2_val_5_U  |Filter2D_k_buf_0_eOg  |        1|  0|   0|  1280|    8|     1|        10240|
    +-----------------+----------------------+---------+---+----+------+-----+------+-------------+
    |Total            |                      |        9|  0|   0| 11520|   72|     9|        92160|
    +-----------------+----------------------+---------+---+----+------+-----+------+-------------+

    * FIFO: 
    N/A

    * Expression: 
    +-----------------------------------+----------+-------+---+----+------------+------------+
    |           Variable Name           | Operation| DSP48E| FF| LUT| Bitwidth P0| Bitwidth P1|
    +-----------------------------------+----------+-------+---+----+------------+------------+
    |ImagLoc_x_fu_863_p2                |     +    |      0|  0|  12|           2|          12|
    |i_V_fu_549_p2                      |     +    |      0|  0|  14|          10|           1|
    |j_V_fu_841_p2                      |     +    |      0|  0|  13|          11|           1|
    |p_Val2_1_fu_1945_p2                |     +    |      0|  0|   8|           8|           8|
    |p_Val2_2_fu_1927_p2                |     +    |      0|  0|   8|          11|          11|
    |p_Val2_3_fu_2044_p2                |     +    |      0|  0|   8|           8|           8|
    |p_Val2_5_fu_2026_p2                |     +    |      0|  0|   8|          11|          11|
    |p_Val2_6_fu_2143_p2                |     +    |      0|  0|   8|           8|           8|
    |p_Val2_s_fu_2125_p2                |     +    |      0|  0|   8|          11|          11|
    |p_assign_6_0_1_fu_681_p2           |     +    |      0|  0|  13|           3|          11|
    |p_assign_6_0_2_fu_707_p2           |     +    |      0|  0|  13|           3|          11|
    |tmp10_fu_1508_p2                   |     +    |      0|  0|  13|          11|          11|
    |tmp11_fu_2020_p2                   |     +    |      0|  0|   8|          11|          11|
    |tmp12_fu_1514_p2                   |     +    |      0|  0|  14|          10|          10|
    |tmp13_fu_1520_p2                   |     +    |      0|  0|  15|           8|           8|
    |tmp14_fu_2039_p2                   |     +    |      0|  0|   8|           8|           8|
    |tmp15_fu_1526_p2                   |     +    |      0|  0|  15|           8|           8|
    |tmp18_fu_1761_p2                   |     +    |      0|  0|  13|          11|          11|
    |tmp19_fu_2119_p2                   |     +    |      0|  0|   8|          11|          11|
    |tmp20_fu_1767_p2                   |     +    |      0|  0|  14|          10|          10|
    |tmp21_fu_1773_p2                   |     +    |      0|  0|  15|           8|           8|
    |tmp22_fu_2138_p2                   |     +    |      0|  0|   8|           8|           8|
    |tmp23_fu_1779_p2                   |     +    |      0|  0|  15|           8|           8|
    |tmp2_fu_1237_p2                    |     +    |      0|  0|  13|          11|          11|
    |tmp3_fu_1921_p2                    |     +    |      0|  0|   8|          11|          11|
    |tmp4_fu_1243_p2                    |     +    |      0|  0|  14|          10|          10|
    |tmp5_fu_1249_p2                    |     +    |      0|  0|  15|           8|           8|
    |tmp6_fu_1940_p2                    |     +    |      0|  0|   8|           8|           8|
    |tmp7_fu_1255_p2                    |     +    |      0|  0|  15|           8|           8|
    |tmp_140_cast_fu_611_p2             |     +    |      0|  0|  10|           2|           2|
    |tmp_34_fu_793_p2                   |     +    |      0|  0|  10|           1|           2|
    |tmp_3_fu_605_p2                    |     +    |      0|  0|  13|           2|          11|
    |tmp_6_fu_527_p2                    |     +    |      0|  0|  10|           2|           1|
    |p_Val2_10_0_0_2_fu_1175_p2         |     -    |      0|  0|  15|           9|           9|
    |p_Val2_10_1_0_2_fu_1446_p2         |     -    |      0|  0|  15|           9|           9|
    |p_Val2_10_2_0_2_fu_1699_p2         |     -    |      0|  0|  15|           9|           9|
    |p_assign_1_fu_903_p2               |     -    |      0|  0|  12|           1|          12|
    |p_assign_2_fu_923_p2               |     -    |      0|  0|  12|          12|          12|
    |p_assign_7_fu_651_p2               |     -    |      0|  0|  13|           1|          11|
    |p_assign_8_fu_675_p2               |     -    |      0|  0|  12|           3|           2|
    |r_V_7_0_1_fu_1197_p2               |     -    |      0|  0|  14|           1|          10|
    |r_V_7_0_2_fu_1219_p2               |     -    |      0|  0|  15|           1|           9|
    |r_V_7_1_1_fu_1468_p2               |     -    |      0|  0|  14|           1|          10|
    |r_V_7_1_2_fu_1490_p2               |     -    |      0|  0|  15|           1|           9|
    |r_V_7_2_1_fu_1721_p2               |     -    |      0|  0|  14|           1|          10|
    |r_V_7_2_2_fu_1743_p2               |     -    |      0|  0|  15|           1|           9|
    |tmp_24_fu_761_p2                   |     -    |      0|  0|  12|           3|           2|
    |ap_condition_547                   |    and   |      0|  0|   2|           1|           1|
    |ap_condition_553                   |    and   |      0|  0|   2|           1|           1|
    |ap_condition_62                    |    and   |      0|  0|   2|           1|           1|
    |ap_predicate_op210_read_state5     |    and   |      0|  0|   2|           1|           1|
    |ap_predicate_op222_read_state5     |    and   |      0|  0|   2|           1|           1|
    |or_cond_i425_i_fu_637_p2           |    and   |      0|  0|   2|           1|           1|
    |or_cond_i_fu_971_p2                |    and   |      0|  0|   2|           1|           1|
    |or_cond_i_i_fu_889_p2              |    and   |      0|  0|   2|           1|           1|
    |overflow_1_fu_2071_p2              |    and   |      0|  0|   2|           1|           1|
    |overflow_2_fu_2170_p2              |    and   |      0|  0|   2|           1|           1|
    |overflow_fu_1972_p2                |    and   |      0|  0|   2|           1|           1|
    |exitcond389_i_fu_835_p2            |   icmp   |      0|  0|  13|          11|          11|
    |exitcond390_i_fu_543_p2            |   icmp   |      0|  0|  13|          10|          10|
    |icmp1_fu_857_p2                    |   icmp   |      0|  0|  13|          10|           1|
    |icmp_fu_577_p2                     |   icmp   |      0|  0|  13|           9|           1|
    |not_i_i_i1_fu_2065_p2              |   icmp   |      0|  0|   9|           3|           1|
    |not_i_i_i2_fu_2164_p2              |   icmp   |      0|  0|   9|           3|           1|
    |not_i_i_i_fu_1966_p2               |   icmp   |      0|  0|   9|           3|           1|
    |tmp_116_0_1_fu_589_p2              |   icmp   |      0|  0|  13|          10|           1|
    |tmp_13_fu_669_p2                   |   icmp   |      0|  0|  13|          11|          10|
    |tmp_1_fu_555_p2                    |   icmp   |      0|  0|  13|          10|          10|
    |tmp_21_fu_883_p2                   |   icmp   |      0|  0|  13|          12|          11|
    |tmp_23_fu_917_p2                   |   icmp   |      0|  0|  13|          12|          11|
    |tmp_2_fu_595_p2                    |   icmp   |      0|  0|  13|          10|          10|
    |tmp_4_fu_631_p2                    |   icmp   |      0|  0|  13|          11|          10|
    |tmp_7_fu_533_p2                    |   icmp   |      0|  0|   9|           2|           3|
    |tmp_9_fu_583_p2                    |   icmp   |      0|  0|  13|          10|           1|
    |ap_block_pp0_stage0_01001          |    or    |      0|  0|   2|           1|           1|
    |ap_block_state5_pp0_stage0_iter1   |    or    |      0|  0|   2|           1|           1|
    |ap_block_state6_pp0_stage0_iter2   |    or    |      0|  0|   2|           1|           1|
    |brmerge_fu_953_p2                  |    or    |      0|  0|   2|           1|           1|
    |tmp_i_i1_67_fu_2085_p2             |    or    |      0|  0|   2|           1|           1|
    |tmp_i_i2_69_fu_2184_p2             |    or    |      0|  0|   2|           1|           1|
    |tmp_i_i_65_fu_1986_p2              |    or    |      0|  0|   2|           1|           1|
    |col_buf_0_val_0_0_fu_1020_p3       |  select  |      0|  0|   8|           1|           8|
    |col_buf_0_val_1_0_fu_1039_p3       |  select  |      0|  0|   8|           1|           8|
    |col_buf_0_val_2_0_fu_1058_p3       |  select  |      0|  0|   8|           1|           8|
    |col_buf_1_val_0_0_fu_1291_p3       |  select  |      0|  0|   8|           1|           8|
    |col_buf_1_val_1_0_fu_1310_p3       |  select  |      0|  0|   8|           1|           8|
    |col_buf_1_val_2_0_fu_1329_p3       |  select  |      0|  0|   8|           1|           8|
    |col_buf_2_val_0_0_fu_1553_p3       |  select  |      0|  0|   8|           1|           8|
    |col_buf_2_val_1_0_fu_1572_p3       |  select  |      0|  0|   8|           1|           8|
    |col_buf_2_val_2_0_fu_1591_p3       |  select  |      0|  0|   8|           1|           8|
    |p_dst_data_stream_0_V_din          |  select  |      0|  0|   8|           1|           8|
    |p_dst_data_stream_1_V_din          |  select  |      0|  0|   8|           1|           8|
    |p_dst_data_stream_2_V_din          |  select  |      0|  0|   8|           1|           8|
    |p_mux_i_i30_cast_fu_2077_p3        |  select  |      0|  0|   2|           1|           2|
    |p_mux_i_i39_cast_fu_2176_p3        |  select  |      0|  0|   2|           1|           2|
    |p_mux_i_i_cast_fu_1978_p3          |  select  |      0|  0|   2|           1|           2|
    |p_p2_i426_i_0_p_assig_fu_733_p3    |  select  |      0|  0|   2|           1|           2|
    |p_p2_i426_i_fu_657_p3              |  select  |      0|  0|  11|           1|          11|
    |p_p2_i_i_fu_909_p3                 |  select  |      0|  0|  12|           1|          12|
    |p_p2_i_i_p_assign_2_fu_929_p3      |  select  |      0|  0|  12|           1|          12|
    |src_kernel_win_0_va_6_fu_1115_p3   |  select  |      0|  0|   8|           1|           8|
    |src_kernel_win_0_va_7_fu_1133_p3   |  select  |      0|  0|   8|           1|           8|
    |src_kernel_win_0_va_8_fu_1151_p3   |  select  |      0|  0|   8|           1|           8|
    |src_kernel_win_1_va_6_fu_1386_p3   |  select  |      0|  0|   8|           1|           8|
    |src_kernel_win_1_va_7_fu_1404_p3   |  select  |      0|  0|   8|           1|           8|
    |src_kernel_win_1_va_8_fu_1422_p3   |  select  |      0|  0|   8|           1|           8|
    |src_kernel_win_2_va_10_fu_1657_p3  |  select  |      0|  0|   8|           1|           8|
    |src_kernel_win_2_va_11_fu_1675_p3  |  select  |      0|  0|   8|           1|           8|
    |src_kernel_win_2_va_9_fu_1639_p3   |  select  |      0|  0|   8|           1|           8|
    |tmp_31_fu_771_p3                   |  select  |      0|  0|   2|           1|           2|
    |tmp_32_fu_779_p3                   |  select  |      0|  0|   2|           1|           2|
    |tmp_36_fu_817_p3                   |  select  |      0|  0|   2|           1|           2|
    |tmp_39_fu_809_p3                   |  select  |      0|  0|   2|           1|           2|
    |x_fu_937_p3                        |  select  |      0|  0|  12|           1|          12|
    |y_1_fu_741_p3                      |  select  |      0|  0|   2|           1|           2|
    |ap_enable_pp0                      |    xor   |      0|  0|   2|           1|           2|
    |col_assign_2_0_t_fu_1003_p2        |    xor   |      0|  0|   2|           2|           2|
    |rev1_fu_877_p2                     |    xor   |      0|  0|   2|           1|           2|
    |rev_fu_625_p2                      |    xor   |      0|  0|   2|           1|           2|
    |row_assign_9_0_0_t_fu_749_p2       |    xor   |      0|  0|   2|           2|           2|
    |row_assign_9_0_1_t_fu_787_p2       |    xor   |      0|  0|   2|           2|           2|
    |row_assign_9_0_2_t_fu_825_p2       |    xor   |      0|  0|   2|           2|           2|
    |tmp_16_fu_755_p2                   |    xor   |      0|  0|   3|           2|           3|
    |tmp_35_fu_799_p2                   |    xor   |      0|  0|   2|           2|           2|
    |tmp_72_0_0_not_fu_561_p2           |    xor   |      0|  0|   2|           1|           2|
    |tmp_i_i1_fu_2059_p2                |    xor   |      0|  0|   2|           1|           2|
    |tmp_i_i2_fu_2158_p2                |    xor   |      0|  0|   2|           1|           2|
    |tmp_i_i_fu_1960_p2                 |    xor   |      0|  0|   2|           1|           2|
    +-----------------------------------+----------+-------+---+----+------------+------------+
    |Total                              |          |      0|  0|1056|         522|         771|
    +-----------------------------------+----------+-------+---+----+------------+------------+

    * Multiplexer: 
    +-----------------------------+----+-----------+-----+-----------+
    |             Name            | LUT| Input Size| Bits| Total Bits|
    +-----------------------------+----+-----------+-----+-----------+
    |ap_NS_fsm                    |  33|          6|    1|          6|
    |ap_enable_reg_pp0_iter1      |   9|          2|    1|          2|
    |ap_enable_reg_pp0_iter2      |  15|          3|    1|          3|
    |k_buf_0_val_4_d1             |  15|          3|    8|         24|
    |k_buf_0_val_5_d1             |  15|          3|    8|         24|
    |k_buf_1_val_4_d1             |  15|          3|    8|         24|
    |k_buf_1_val_5_d1             |  15|          3|    8|         24|
    |k_buf_2_val_4_d1             |  15|          3|    8|         24|
    |k_buf_2_val_5_d1             |  15|          3|    8|         24|
    |p_dst_data_stream_0_V_blk_n  |   9|          2|    1|          2|
    |p_dst_data_stream_1_V_blk_n  |   9|          2|    1|          2|
    |p_dst_data_stream_2_V_blk_n  |   9|          2|    1|          2|
    |p_src_data_stream_0_V_blk_n  |   9|          2|    1|          2|
    |p_src_data_stream_1_V_blk_n  |   9|          2|    1|          2|
    |p_src_data_stream_2_V_blk_n  |   9|          2|    1|          2|
    |t_V_2_reg_516                |   9|          2|   11|         22|
    |t_V_reg_505                  |   9|          2|   10|         20|
    |tmp_5_reg_494                |   9|          2|    2|          4|
    +-----------------------------+----+-----------+-----+-----------+
    |Total                        | 228|         47|   80|        213|
    +-----------------------------+----+-----------+-----+-----------+

    * Register: 
    +----------------------------------+----+----+-----+-----------+
    |               Name               | FF | LUT| Bits| Const Bits|
    +----------------------------------+----+----+-----+-----------+
    |ap_CS_fsm                         |   5|   0|    5|          0|
    |ap_enable_reg_pp0_iter0           |   1|   0|    1|          0|
    |ap_enable_reg_pp0_iter1           |   1|   0|    1|          0|
    |ap_enable_reg_pp0_iter2           |   1|   0|    1|          0|
    |brmerge_reg_2512                  |   1|   0|    1|          0|
    |exitcond389_i_reg_2494            |   1|   0|    1|          0|
    |i_V_reg_2433                      |  10|   0|   10|          0|
    |icmp_reg_2447                     |   1|   0|    1|          0|
    |k_buf_0_val_3_addr_reg_2525       |  11|   0|   11|          0|
    |k_buf_0_val_4_addr_reg_2531       |  11|   0|   11|          0|
    |k_buf_0_val_5_addr_reg_2537       |  11|   0|   11|          0|
    |k_buf_1_val_3_addr_reg_2547       |  11|   0|   11|          0|
    |k_buf_1_val_4_addr_reg_2553       |  11|   0|   11|          0|
    |k_buf_1_val_5_addr_reg_2559       |  11|   0|   11|          0|
    |k_buf_2_val_3_addr_reg_2565       |  11|   0|   11|          0|
    |k_buf_2_val_4_addr_reg_2571       |  11|   0|   11|          0|
    |k_buf_2_val_5_addr_reg_2577       |  11|   0|   11|          0|
    |or_cond_i_i_reg_2503              |   1|   0|    1|          0|
    |or_cond_i_reg_2543                |   1|   0|    1|          0|
    |or_cond_i_reg_2543_pp0_iter1_reg  |   1|   0|    1|          0|
    |right_border_buf_0_1_fu_246       |   8|   0|    8|          0|
    |right_border_buf_0_2_fu_254       |   8|   0|    8|          0|
    |right_border_buf_0_3_fu_258       |   8|   0|    8|          0|
    |right_border_buf_0_4_fu_266       |   8|   0|    8|          0|
    |right_border_buf_0_5_fu_270       |   8|   0|    8|          0|
    |right_border_buf_0_s_fu_242       |   8|   0|    8|          0|
    |right_border_buf_1_1_fu_282       |   8|   0|    8|          0|
    |right_border_buf_1_2_fu_290       |   8|   0|    8|          0|
    |right_border_buf_1_3_fu_294       |   8|   0|    8|          0|
    |right_border_buf_1_4_fu_302       |   8|   0|    8|          0|
    |right_border_buf_1_5_fu_306       |   8|   0|    8|          0|
    |right_border_buf_1_s_fu_278       |   8|   0|    8|          0|
    |right_border_buf_2_1_fu_262       |   8|   0|    8|          0|
    |right_border_buf_2_2_fu_274       |   8|   0|    8|          0|
    |right_border_buf_2_3_fu_286       |   8|   0|    8|          0|
    |right_border_buf_2_4_fu_298       |   8|   0|    8|          0|
    |right_border_buf_2_5_fu_310       |   8|   0|    8|          0|
    |right_border_buf_2_s_fu_250       |   8|   0|    8|          0|
    |row_assign_9_0_0_t_reg_2473       |   2|   0|    2|          0|
    |row_assign_9_0_1_t_reg_2480       |   2|   0|    2|          0|
    |row_assign_9_0_2_t_reg_2487       |   2|   0|    2|          0|
    |src_kernel_win_0_va_1_fu_174      |   8|   0|    8|          0|
    |src_kernel_win_0_va_2_fu_178      |   8|   0|    8|          0|
    |src_kernel_win_0_va_3_fu_182      |   8|   0|    8|          0|
    |src_kernel_win_0_va_4_fu_186      |   8|   0|    8|          0|
    |src_kernel_win_0_va_5_fu_190      |   8|   0|    8|          0|
    |src_kernel_win_0_va_7_reg_2583    |   8|   0|    8|          0|
    |src_kernel_win_0_va_fu_170        |   8|   0|    8|          0|
    |src_kernel_win_1_va_1_fu_198      |   8|   0|    8|          0|
    |src_kernel_win_1_va_2_fu_202      |   8|   0|    8|          0|
    |src_kernel_win_1_va_3_fu_206      |   8|   0|    8|          0|
    |src_kernel_win_1_va_4_fu_210      |   8|   0|    8|          0|
    |src_kernel_win_1_va_5_fu_214      |   8|   0|    8|          0|
    |src_kernel_win_1_va_7_reg_2609    |   8|   0|    8|          0|
    |src_kernel_win_1_va_fu_194        |   8|   0|    8|          0|
    |src_kernel_win_2_va_10_reg_2635   |   8|   0|    8|          0|
    |src_kernel_win_2_va_1_fu_222      |   8|   0|    8|          0|
    |src_kernel_win_2_va_2_fu_226      |   8|   0|    8|          0|
    |src_kernel_win_2_va_3_fu_230      |   8|   0|    8|          0|
    |src_kernel_win_2_va_4_fu_234      |   8|   0|    8|          0|
    |src_kernel_win_2_va_5_fu_238      |   8|   0|    8|          0|
    |src_kernel_win_2_va_fu_218        |   8|   0|    8|          0|
    |t_V_2_reg_516                     |  11|   0|   11|          0|
    |t_V_reg_505                       |  10|   0|   10|          0|
    |tmp10_reg_2615                    |  11|   0|   11|          0|
    |tmp12_reg_2620                    |  10|   0|   10|          0|
    |tmp13_reg_2625                    |   8|   0|    8|          0|
    |tmp15_reg_2630                    |   8|   0|    8|          0|
    |tmp18_reg_2641                    |  11|   0|   11|          0|
    |tmp20_reg_2646                    |  10|   0|   10|          0|
    |tmp21_reg_2651                    |   8|   0|    8|          0|
    |tmp23_reg_2656                    |   8|   0|    8|          0|
    |tmp2_reg_2589                     |  11|   0|   11|          0|
    |tmp4_reg_2594                     |  10|   0|   10|          0|
    |tmp5_reg_2599                     |   8|   0|    8|          0|
    |tmp7_reg_2604                     |   8|   0|    8|          0|
    |tmp_116_0_1_reg_2456              |   1|   0|    1|          0|
    |tmp_1_reg_2438                    |   1|   0|    1|          0|
    |tmp_2_reg_2460                    |   1|   0|    1|          0|
    |tmp_50_reg_2507                   |   2|   0|    2|          0|
    |tmp_5_reg_494                     |   2|   0|    2|          0|
    |tmp_72_0_0_not_reg_2442           |   1|   0|    1|          0|
    |tmp_9_reg_2452                    |   1|   0|    1|          0|
    +----------------------------------+----+----+-----+-----------+
    |Total                             | 582|   0|  582|          0|
    +----------------------------------+----+----+-----+-----------+



================================================================
== Interface
================================================================
* Summary: 
+-------------------------------+-----+-----+------------+-----------------------+--------------+
|           RTL Ports           | Dir | Bits|  Protocol  |     Source Object     |    C Type    |
+-------------------------------+-----+-----+------------+-----------------------+--------------+
|ap_clk                         |  in |    1| ap_ctrl_hs |        Filter2D       | return value |
|ap_rst                         |  in |    1| ap_ctrl_hs |        Filter2D       | return value |
|ap_start                       |  in |    1| ap_ctrl_hs |        Filter2D       | return value |
|ap_done                        | out |    1| ap_ctrl_hs |        Filter2D       | return value |
|ap_idle                        | out |    1| ap_ctrl_hs |        Filter2D       | return value |
|ap_ready                       | out |    1| ap_ctrl_hs |        Filter2D       | return value |
|p_src_data_stream_0_V_dout     |  in |    8|   ap_fifo  | p_src_data_stream_0_V |    pointer   |
|p_src_data_stream_0_V_empty_n  |  in |    1|   ap_fifo  | p_src_data_stream_0_V |    pointer   |
|p_src_data_stream_0_V_read     | out |    1|   ap_fifo  | p_src_data_stream_0_V |    pointer   |
|p_src_data_stream_1_V_dout     |  in |    8|   ap_fifo  | p_src_data_stream_1_V |    pointer   |
|p_src_data_stream_1_V_empty_n  |  in |    1|   ap_fifo  | p_src_data_stream_1_V |    pointer   |
|p_src_data_stream_1_V_read     | out |    1|   ap_fifo  | p_src_data_stream_1_V |    pointer   |
|p_src_data_stream_2_V_dout     |  in |    8|   ap_fifo  | p_src_data_stream_2_V |    pointer   |
|p_src_data_stream_2_V_empty_n  |  in |    1|   ap_fifo  | p_src_data_stream_2_V |    pointer   |
|p_src_data_stream_2_V_read     | out |    1|   ap_fifo  | p_src_data_stream_2_V |    pointer   |
|p_dst_data_stream_0_V_din      | out |    8|   ap_fifo  | p_dst_data_stream_0_V |    pointer   |
|p_dst_data_stream_0_V_full_n   |  in |    1|   ap_fifo  | p_dst_data_stream_0_V |    pointer   |
|p_dst_data_stream_0_V_write    | out |    1|   ap_fifo  | p_dst_data_stream_0_V |    pointer   |
|p_dst_data_stream_1_V_din      | out |    8|   ap_fifo  | p_dst_data_stream_1_V |    pointer   |
|p_dst_data_stream_1_V_full_n   |  in |    1|   ap_fifo  | p_dst_data_stream_1_V |    pointer   |
|p_dst_data_stream_1_V_write    | out |    1|   ap_fifo  | p_dst_data_stream_1_V |    pointer   |
|p_dst_data_stream_2_V_din      | out |    8|   ap_fifo  | p_dst_data_stream_2_V |    pointer   |
|p_dst_data_stream_2_V_full_n   |  in |    1|   ap_fifo  | p_dst_data_stream_2_V |    pointer   |
|p_dst_data_stream_2_V_write    | out |    1|   ap_fifo  | p_dst_data_stream_2_V |    pointer   |
+-------------------------------+-----+-----+------------+-----------------------+--------------+

