

================================================================
== Vivado HLS Report for 'Block_proc'
================================================================
* Date:           Fri Jul 27 00:44:40 2018

* Version:        2018.1 (Build 2188600 on Wed Apr 04 19:04:02 MDT 2018)
* Project:        sobel_edge
* Solution:       solution1
* Product family: zynq
* Target device:  xc7z010clg400-1


================================================================
== Performance Estimates
================================================================
+ Timing (ns): 
    * Summary: 
    +--------+-------+----------+------------+
    |  Clock | Target| Estimated| Uncertainty|
    +--------+-------+----------+------------+
    |ap_clk  |  13.50|      3.63|        1.69|
    +--------+-------+----------+------------+

+ Latency (clock cycles): 
    * Summary: 
    +-----+-----+-----+-----+---------+
    |  Latency  |  Interval | Pipeline|
    | min | max | min | max |   Type  |
    +-----+-----+-----+-----+---------+
    |    0|    0|    0|    0|   none  |
    +-----+-----+-----+-----+---------+

    + Detail: 
        * Instance: 
        N/A

        * Loop: 
        N/A

============================================================
+ Verbose Summary: Synthesis Manager
============================================================
InlineROM: 1
ExposeGlobal: 0
============================================================
+ Verbose Summary: CDFG Model
============================================================
IsTopModel: 0
ResetActiveHigh: 1
IsCombinational: 2
IsDatapathOnly: 0
HasWiredReturn: 1
HasMFsm: 0
HasVarLatency: 0
IsPipeline: 0
IsRtlPipelined: 0
IsInstanceOverlapped: 0
IsDontTouch: 0
HasImplIP: 0
IsGatedGlobalClock: 0


============================================================
+ Verbose Summary: Schedule
============================================================
* Number of FSM states : 1
* Pipeline : 0
* Dataflow Pipeline: 0

* FSM state transitions: 
1 --> 

* FSM state operations: 

 <State 1> : 3.63ns
ST_1 : Operation 2 [1/1] (0.00ns)   --->   "call void (...)* @_ssdm_op_SpecInterface(i12* %img0_cols_V_out, [8 x i8]* @ap_fifo_str, i32 0, i32 0, [1 x i8]* @p_str, i32 0, i32 0, [1 x i8]* @p_str, [1 x i8]* @p_str, [1 x i8]* @p_str, i32 2, i32 2, i32 16, i32 16, [1 x i8]* @p_str, [1 x i8]* @p_str)"
ST_1 : Operation 3 [1/1] (0.00ns)   --->   "call void (...)* @_ssdm_op_SpecInterface(i11* %img0_rows_V_out, [8 x i8]* @ap_fifo_str, i32 0, i32 0, [1 x i8]* @p_str, i32 0, i32 0, [1 x i8]* @p_str, [1 x i8]* @p_str, [1 x i8]* @p_str, i32 2, i32 2, i32 16, i32 16, [1 x i8]* @p_str, [1 x i8]* @p_str)"
ST_1 : Operation 4 [1/1] (3.63ns)   --->   "call void @_ssdm_op_Write.ap_fifo.i11P(i11* %img0_rows_V_out, i11 720)" [E:/Xilinx/Vivado/2018.1/common/technology/autopilot/hls/hls_video_core.h:601->E:/Xilinx/Vivado/2018.1/common/technology/autopilot/hls/hls_video_core.h:587->E:/Xilinx/Vivado/2018.1/common/technology/autopilot/hls/hls_video_core.h:588->edge_detect.cpp:7]   --->   Core 32 'FIFO' <Latency = 0> <II = 1> <Delay = 3.63> <Storage> <Opcode : 'read' 'write' 'nbread' 'nbwrite'> <Ports = 0> <Width = 12> <Depth = 2> <FIFO>
ST_1 : Operation 5 [1/1] (3.63ns)   --->   "call void @_ssdm_op_Write.ap_fifo.i12P(i12* %img0_cols_V_out, i12 1280)" [E:/Xilinx/Vivado/2018.1/common/technology/autopilot/hls/hls_video_core.h:602->E:/Xilinx/Vivado/2018.1/common/technology/autopilot/hls/hls_video_core.h:587->E:/Xilinx/Vivado/2018.1/common/technology/autopilot/hls/hls_video_core.h:588->edge_detect.cpp:7]   --->   Core 32 'FIFO' <Latency = 0> <II = 1> <Delay = 3.63> <Storage> <Opcode : 'read' 'write' 'nbread' 'nbwrite'> <Ports = 0> <Width = 12> <Depth = 2> <FIFO>
ST_1 : Operation 6 [1/1] (0.00ns)   --->   "ret void"


============================================================
+ Verbose Summary: Timing violations
============================================================
Target clock period: 13.5ns, clock uncertainty: 1.69ns.

 <State 1>: 3.63ns
The critical path consists of the following:
	fifo write on port 'img0_rows_V_out' (E:/Xilinx/Vivado/2018.1/common/technology/autopilot/hls/hls_video_core.h:601->E:/Xilinx/Vivado/2018.1/common/technology/autopilot/hls/hls_video_core.h:587->E:/Xilinx/Vivado/2018.1/common/technology/autopilot/hls/hls_video_core.h:588->edge_detect.cpp:7) [5]  (3.63 ns)


============================================================
+ Verbose Summary: Binding
============================================================
N/A
* FSMD analyzer results:
  - Output states:
 - Input state : 
  - Chain level:
	State 1


============================================================
+ Verbose Summary: Datapath Resource usage 
============================================================
N/A
